{
  "stats": {
    "suites": 2,
    "tests": 2,
    "passes": 1,
    "pending": 1,
    "failures": 0,
    "testsRegistered": 2,
    "passPercent": 50,
    "pendingPercent": 50,
    "other": 0,
    "hasOther": false,
    "skipped": 0,
    "hasSkipped": false,
    "start": "2025-01-26T14:51:58.450Z",
    "end": "2025-01-26T14:52:23.351Z",
    "duration": 24901
  },
  "results": [
    {
      "uuid": "806109e2-8948-4dac-bbfc-7f4fa5dae86d",
      "title": "",
      "fullFile": "cypress/e2e/spec01.cy.ts",
      "file": "cypress/e2e/spec01.cy.ts",
      "beforeHooks": [],
      "afterHooks": [],
      "tests": [],
      "suites": [
        {
          "uuid": "b053179e-1a5f-45b4-b53d-097cdbefe46f",
          "title": "Connect to database",
          "fullFile": "",
          "file": "",
          "beforeHooks": [],
          "afterHooks": [],
          "tests": [
            {
              "title": "can call a database and execute a query",
              "fullTitle": "Connect to database can call a database and execute a query",
              "timedOut": null,
              "duration": 0,
              "state": "pending",
              "speed": null,
              "pass": false,
              "fail": false,
              "pending": true,
              "context": null,
              "code": "cy.sqlServer(query).then((result) => {\n    cy.log(result.recordset[0].JobId);\n});",
              "err": {},
              "uuid": "ba0370d3-f728-43d2-8092-7f8089975e8d",
              "parentUUID": "b053179e-1a5f-45b4-b53d-097cdbefe46f",
              "isHook": false,
              "skipped": false
            }
          ],
          "suites": [],
          "passes": [],
          "failures": [],
          "pending": [
            "ba0370d3-f728-43d2-8092-7f8089975e8d"
          ],
          "skipped": [],
          "duration": 0,
          "root": false,
          "rootEmpty": false,
          "_timeout": 2000
        }
      ],
      "passes": [],
      "failures": [],
      "pending": [],
      "skipped": [],
      "duration": 0,
      "root": true,
      "rootEmpty": true,
      "_timeout": 2000
    },
    {
      "uuid": "4bd08a4a-b49a-42ad-af4a-9a276abc930e",
      "title": "",
      "fullFile": "cypress/e2e/spec02.cy.ts",
      "file": "cypress/e2e/spec02.cy.ts",
      "beforeHooks": [],
      "afterHooks": [],
      "tests": [],
      "suites": [
        {
          "uuid": "161822fb-b7e9-4bb8-b3c6-52f711e94b3c",
          "title": "My Second Test Suite",
          "fullFile": "",
          "file": "",
          "beforeHooks": [],
          "afterHooks": [],
          "tests": [
            {
              "title": "My FirstTest case",
              "fullTitle": "My Second Test Suite My FirstTest case",
              "timedOut": null,
              "duration": 12264,
              "state": "passed",
              "speed": "slow",
              "pass": true,
              "fail": false,
              "pending": false,
              "context": null,
              "code": "const homePage = new _support_page_HomePage__WEBPACK_IMPORTED_MODULE_0__[\"default\"]();\nconst productPage = new _support_page_ProductPage__WEBPACK_IMPORTED_MODULE_1__[\"default\"]();\ncy.visit(\"https://rahulshettyacademy.com\" + \"/angularpractice/\");\nhomePage.getEditBox().type(this.data.name);\nhomePage.getGender().select(this.data.gender);\nhomePage.getTwoWayDataBinding().should(\"have.value\", this.data.name);\nhomePage.getEditBox().should(\"have.attr\", \"minlength\", \"2\");\nhomePage.getEntrepreneaur().should(\"be.disabled\");\nhomePage.getShopTab().click();\nCypress.config(\"defaultCommandTimeout\", 8000);\nthis.data.productName.forEach(function (element) {\n    cy.selectProduct(element);\n});\nproductPage.checkOutButton().click();\nlet sumExpect = 0;\ncy.get(\"tr td:nth-child(4) strong\")\n    .then(($elements) => {\n    sumExpect = [...$elements] // coppy jquery object -> js array\n        .map((el) => el.innerText.match(/\\d+(\\.\\d+)?/)?.[0] || \"0\") // Extracts the numeric part and . \n        .reduce((acc, num) => acc + Number(num), 0);\n    cy.log(`Total Sum: ${sumExpect}`);\n});\ncy.get(\"h3 strong\").then(function (element) {\n    const amount = element.text().trim(); // Get the text and trim whitespace\n    const match = amount.match(/\\d+/); // Match only the digits (this will capture the number)\n    if (match) {\n        const total = Number(match[0]); // Convert the matched string to a number\n        expect(total).to.equal(sumExpect); // Replace with your expected value\n    }\n    else {\n        throw new Error(\"No valid amount found\");\n    }\n});\ncy.contains(\"Checkout\").click();\ncy.get(\"#country\").type(\"India\");\ncy.get(\".suggestions > ul > li > a\").click();\ncy.get(\"#checkbox2\").click({ force: true });\ncy.get('input[type=\"submit\"]').click();\n//cy.get('.alert').should('have.text','Success! Thank you! Your order will be delivered in next few weeks :-).')\ncy.get(\".alert\").then(function (element) {\n    const actualText = element.text();\n    expect(actualText.includes(\"Success\")).to.be.true;\n});",
              "err": {},
              "uuid": "f39da1c3-fb4c-4b33-9223-8823b90b48af",
              "parentUUID": "161822fb-b7e9-4bb8-b3c6-52f711e94b3c",
              "isHook": false,
              "skipped": false
            }
          ],
          "suites": [],
          "passes": [
            "f39da1c3-fb4c-4b33-9223-8823b90b48af"
          ],
          "failures": [],
          "pending": [],
          "skipped": [],
          "duration": 12264,
          "root": false,
          "rootEmpty": false,
          "_timeout": 2000
        }
      ],
      "passes": [],
      "failures": [],
      "pending": [],
      "skipped": [],
      "duration": 0,
      "root": true,
      "rootEmpty": true,
      "_timeout": 2000
    }
  ],
  "meta": {
    "mocha": {
      "version": "7.0.1"
    },
    "mochawesome": {
      "options": {
        "quiet": false,
        "reportFilename": "mochawesome",
        "saveHtml": true,
        "saveJson": true,
        "consoleReporter": "spec",
        "useInlineDiffs": false,
        "code": true
      },
      "version": "7.1.3"
    },
    "marge": {
      "options": {
        "id": "default",
        "reportDir": "cypress/reports/mochawesome-report",
        "overwrite": false,
        "html": true,
        "json": true
      },
      "version": "6.2.0"
    }
  }
}